<?xml version="1.0" encoding="UTF-8"?>
<!-- Generated by org.testng.reporters.JUnitXMLReporter -->
<testsuite ignored="0" hostname="Santosh" failures="0" tests="3" name="Default test" time="44.684" errors="0" timestamp="2026-05-06T21:29:39 IST">
  <testcase classname="org.wipro.auto.ecommerce.testcases.RegsitrationScenario_DDF" name="tc02_validate_regsitartion_validdata" time="2.669"/>
  <testcase classname="org.wipro.auto.ecommerce.testcases.RegsitrationScenario_DDF" name="tc02_validate_regsitartion_validdata" time="1.674"/>
  <testcase classname="org.wipro.auto.ecommerce.testcases.RegsitrationScenario_DDF" name="tc02_validate_regsitartion_validdata" time="2.017"/>
</testsuite> <!-- Default test -->
