<?xml version="1.0" encoding="UTF-8"?>
<!-- Generated by org.testng.reporters.JUnitXMLReporter -->
<testsuite ignored="4" hostname="Santosh" failures="10" tests="69" name="Test" time="19.675" errors="0" timestamp="2026-05-04T20:58:07 IST">
  <testcase classname="testNGdemo.TestScenario3" name="fifth_testcase" time="0.015"/>
  <testcase classname="testNGdemo.TestScenario3" name="first_testcase" time="0.012">
    <failure type="java.lang.AssertionError" message="The following asserts failed:
	expected [true] but found [false]">
      <![CDATA[java.lang.AssertionError: The following asserts failed:
expected [true] but found [false]
at testNGdemo.TestScenario3.first_testcase(TestScenario3.java:24)
at java.base/java.util.ArrayList.forEach(ArrayList.java:1596)
... Removed 27 stack frames]]>
    </failure>
  </testcase> <!-- first_testcase -->
  <testcase classname="testNGdemo.TestScenario3" name="forth_testcase" time="0.002"/>
  <testcase classname="testNGdemo.TestScenario3" name="second_testcase" time="0.001"/>
  <testcase classname="testNGdemo.TestScenario3" name="sixth_testcase" time="0.002"/>
  <testcase classname="testNGdemo.TestScenario3" name="third_testcase" time="0.003"/>
  <testcase classname="org.xyz.automation.Demo_WebElements" name="webelements_demo" time="2.533">
    <failure type="java.lang.IndexOutOfBoundsException" message="Index 1 out of bounds for length 0">
      <![CDATA[java.lang.IndexOutOfBoundsException: Index 1 out of bounds for length 0
at java.base/jdk.internal.util.Preconditions.outOfBounds(Preconditions.java:100)
at java.base/jdk.internal.util.Preconditions.outOfBoundsCheckIndex(Preconditions.java:106)
at java.base/jdk.internal.util.Preconditions.checkIndex(Preconditions.java:302)
at java.base/java.util.Objects.checkIndex(Objects.java:385)
at java.base/java.util.ArrayList.get(ArrayList.java:427)
at org.xyz.automation.Demo_WebElements.webelements_demo(Demo_WebElements.java:64)
at java.base/java.util.ArrayList.forEach(ArrayList.java:1596)
... Removed 25 stack frames]]>
    </failure>
  </testcase> <!-- webelements_demo -->
  <testcase classname="testNGdemo.TestScenario2" name="fifth_testcase" time="0.0">
    <failure type="java.lang.AssertionError" message="expected [Hello World] but found [Hello]">
      <![CDATA[java.lang.AssertionError: expected [Hello World] but found [Hello]
at testNGdemo.TestScenario2.fifth_testcase(TestScenario2.java:39)
at java.base/java.util.ArrayList.forEach(ArrayList.java:1596)
... Removed 31 stack frames]]>
    </failure>
  </testcase> <!-- fifth_testcase -->
  <testcase classname="testNGdemo.TestScenario2" name="first_testcase" time="0.006"/>
  <testcase classname="testNGdemo.TestScenario2" name="forth_testcase" time="0.002"/>
  <testcase classname="testNGdemo.TestScenario2" name="second_testcase" time="0.002"/>
  <testcase classname="testNGdemo.TestScenario2" name="sixth_testcase" time="0.002"/>
  <testcase classname="testNGdemo.TestScenario2" name="third_testcase" time="0.006">
    <failure type="java.lang.AssertionError" message="expected [Hello World] but found [Hello]">
      <![CDATA[java.lang.AssertionError: expected [Hello World] but found [Hello]
at testNGdemo.TestScenario2.third_testcase(TestScenario2.java:26)
at java.base/java.util.ArrayList.forEach(ArrayList.java:1596)
... Removed 31 stack frames]]>
    </failure>
  </testcase> <!-- third_testcase -->
  <testcase classname="testNGdemo.TestScenario7" name="fifth_testcase" time="0.002"/>
  <testcase classname="testNGdemo.TestScenario7" name="first_testcase" time="0.001"/>
  <testcase classname="testNGdemo.TestScenario7" name="forth_testcase" time="0.001"/>
  <testcase classname="testNGdemo.TestScenario7" name="second_testcase" time="0.001"/>
  <testcase classname="testNGdemo.TestScenario7" name="sixth_testcase" time="0.001"/>
  <testcase classname="testNGdemo.TestScenario7" name="third_testcase" time="0.001"/>
  <testcase classname="testNGdemo.TestScenario6" name="fifth_testcase" time="0.002">
    <failure type="java.lang.AssertionError" message="expected [Hello World] but found [Hello]">
      <![CDATA[java.lang.AssertionError: expected [Hello World] but found [Hello]
at testNGdemo.TestScenario6.fifth_testcase(TestScenario6.java:41)
at java.base/java.util.ArrayList.forEach(ArrayList.java:1596)
... Removed 31 stack frames]]>
    </failure>
  </testcase> <!-- fifth_testcase -->
  <testcase classname="testNGdemo.TestScenario6" name="first_testcase" time="0.001"/>
  <testcase classname="testNGdemo.TestScenario6" name="forth_testcase" time="0.001"/>
  <testcase classname="testNGdemo.TestScenario6" name="second_testcase" time="0.001"/>
  <testcase classname="testNGdemo.TestScenario6" name="sixth_testcase" time="0.001"/>
  <testcase classname="testNGdemo.TestScenario6" name="third_testcase" time="0.002">
    <failure type="java.lang.AssertionError" message="expected [Hello World] but found [Hello]">
      <![CDATA[java.lang.AssertionError: expected [Hello World] but found [Hello]
at testNGdemo.TestScenario6.third_testcase(TestScenario6.java:27)
at java.base/java.util.ArrayList.forEach(ArrayList.java:1596)
... Removed 31 stack frames]]>
    </failure>
  </testcase> <!-- third_testcase -->
  <testcase classname="testNGdemo.TestScenario" name="sixth_testcase" time="0.001"/>
  <testcase classname="testNGdemo.TestScenario" name="fifth_testcase" time="0.0"/>
  <testcase classname="testNGdemo.TestScenario" name="forth_testcase" time="0.0"/>
  <testcase classname="testNGdemo.TestScenario" name="third_testcase" time="0.001"/>
  <testcase classname="testNGdemo.TestScenario" name="first_testcase" time="0.001"/>
  <testcase classname="testNGdemo.TestScenario" name="second_testcase" time="0.002"/>
  <testcase classname="testNGdemo.TestScenario5" name="fifth_testcase" time="0.001"/>
  <testcase classname="testNGdemo.TestScenario5" name="first_testcase" time="0.001"/>
  <testcase classname="testNGdemo.TestScenario5" name="forth_testcase" time="0.001"/>
  <testcase classname="testNGdemo.TestScenario5" name="second_testcase" time="0.001"/>
  <testcase classname="testNGdemo.TestScenario5" name="sixth_testcase" time="0.001"/>
  <testcase classname="testNGdemo.TestScenario5" name="third_testcase" time="0.001"/>
  <testcase classname="testNGdemo.TestScenario4" name="fifth_testcase" time="0.001"/>
  <testcase classname="testNGdemo.TestScenario4" name="first_testcase" time="0.0"/>
  <testcase classname="testNGdemo.TestScenario4" name="forth_testcase" time="0.0"/>
  <testcase classname="testNGdemo.TestScenario4" name="second_testcase" time="0.001"/>
  <testcase classname="testNGdemo.TestScenario4" name="sixth_testcase" time="0.001"/>
  <testcase classname="testNGdemo.TestScenario4" name="third_testcase" time="0.001"/>
  <testcase classname="testNGdemo.TestScenario9" name="fifth_testcase" time="0.001"/>
  <testcase classname="testNGdemo.TestScenario9" name="first_testcase" time="0.001"/>
  <testcase classname="testNGdemo.TestScenario9" name="forth_testcase" time="0.0"/>
  <testcase classname="testNGdemo.TestScenario9" name="second_testcase" time="0.0"/>
  <testcase classname="testNGdemo.TestScenario9" name="sixth_testcase" time="0.001"/>
  <testcase classname="testNGdemo.TestScenario9" name="third_testcase" time="0.001"/>
  <testcase classname="org.xyz.automation.Rediffmail_login_registration" name="validat_registration_functionality" time="1.829"/>
  <testcase classname="testNGdemo.TestScenario8" name="fifth_testcase" time="0.001"/>
  <testcase classname="testNGdemo.TestScenario8" name="first_testcase" time="0.001"/>
  <testcase classname="testNGdemo.TestScenario8" name="forth_testcase" time="0.002"/>
  <testcase classname="testNGdemo.TestScenario8" name="second_testcase" time="0.001"/>
  <testcase classname="testNGdemo.TestScenario8" name="sixth_testcase" time="0.001"/>
  <testcase classname="testNGdemo.TestScenario8" name="third_testcase" time="0.001"/>
  <testcase classname="testNGdemo.TestScenario11" name="fifth_testcase" time="0.002"/>
  <testcase classname="testNGdemo.TestScenario11" name="first_testcase" time="0.002"/>
  <testcase classname="testNGdemo.TestScenario11" name="second_testcase" time="0.001"/>
  <testcase classname="testNGdemo.TestScenario11" name="sixth_testcase" time="0.001"/>
  <testcase classname="testNGdemo.TestScenario11" name="third_testcase" time="0.0">
    <failure type="java.lang.AssertionError" message="expected [Hello World] but found [Hello]">
      <![CDATA[java.lang.AssertionError: expected [Hello World] but found [Hello]
at testNGdemo.TestScenario11.third_testcase(TestScenario11.java:26)
at java.base/java.util.ArrayList.forEach(ArrayList.java:1596)
... Removed 31 stack frames]]>
    </failure>
  </testcase> <!-- third_testcase -->
  <testcase classname="testNGdemo.TestScenario11" name="forth_testcase" time="0.0">
    <skipped/>
  </testcase> <!-- forth_testcase -->
  <testcase classname="testNGdemo.TestScenario10" name="fifth_testcase" time="0.001"/>
  <testcase classname="testNGdemo.TestScenario10" name="first_testcase" time="0.0">
    <failure type="java.lang.AssertionError" message="expected [Hello World] but found [Hello]">
      <![CDATA[java.lang.AssertionError: expected [Hello World] but found [Hello]
at testNGdemo.TestScenario10.first_testcase(TestScenario10.java:14)
at java.base/java.util.ArrayList.forEach(ArrayList.java:1596)
... Removed 31 stack frames]]>
    </failure>
  </testcase> <!-- first_testcase -->
  <testcase classname="testNGdemo.TestScenario10" name="forth_testcase" time="0.002">
    <failure type="java.lang.AssertionError" message="expected [Hello World] but found [Hello]">
      <![CDATA[java.lang.AssertionError: expected [Hello World] but found [Hello]
at testNGdemo.TestScenario10.forth_testcase(TestScenario10.java:35)
at java.base/java.util.ArrayList.forEach(ArrayList.java:1596)
... Removed 31 stack frames]]>
    </failure>
  </testcase> <!-- forth_testcase -->
  <testcase classname="testNGdemo.TestScenario10" name="sixth_testcase" time="0.0"/>
  <testcase classname="testNGdemo.TestScenario10" name="third_testcase" time="0.001">
    <failure type="java.lang.AssertionError" message="expected [Hello World] but found [Hello]">
      <![CDATA[java.lang.AssertionError: expected [Hello World] but found [Hello]
at testNGdemo.TestScenario10.third_testcase(TestScenario10.java:28)
at java.base/java.util.ArrayList.forEach(ArrayList.java:1596)
... Removed 31 stack frames]]>
    </failure>
  </testcase> <!-- third_testcase -->
  <testcase classname="org.xyz.automation.HandleKeyboardMouseWindowsFramesAlerts" name="handle_alerts" time="5.009"/>
  <testcase classname="org.xyz.automation.HandleKeyboardMouseWindowsFramesAlerts" name="handle_frames" time="5.979"/>
  <testcase classname="org.xyz.automation.HandleKeyboardMouseWindowsFramesAlerts" name="handleKeyboard" time="0.0">
    <ignored/>
  </testcase> <!-- handleKeyboard -->
  <testcase classname="testNGdemo.TestScenario10" name="second_testcase" time="0.0">
    <ignored/>
  </testcase> <!-- second_testcase -->
  <testcase classname="org.xyz.automation.HandleKeyboardMouseWindowsFramesAlerts" name="handleMouse_MultipleWindows" time="0.0">
    <ignored/>
  </testcase> <!-- handleMouse_MultipleWindows -->
  <testcase classname="org.xyz.automation.Rediffmail_login_registration" name="validat_login_functionality" time="0.0">
    <ignored/>
  </testcase> <!-- validat_login_functionality -->
</testsuite> <!-- Test -->
