<?xml version="1.0" encoding="UTF-8"?>
<!-- Generated by org.testng.reporters.JUnitReportReporter -->
<testsuite hostname="Santosh" failures="0" tests="1" name="org.wipro.auto.ecommerce.testcases.RegsitrationScenario" time="18.559" errors="0" timestamp="2026-05-06T21:25:51 IST" skipped="0">
  <testcase classname="org.wipro.auto.ecommerce.testcases.RegsitrationScenario" name="tc02_validate_regsitartion_validdata" time="18.559"/>
</testsuite> <!-- org.wipro.auto.ecommerce.testcases.RegsitrationScenario -->
