<?xml version="1.0" encoding="UTF-8"?>
<!-- Generated by org.testng.reporters.JUnitReportReporter -->
<testsuite hostname="Santosh" failures="0" tests="3" name="org.wipro.auto.ecommerce.testcases.LoginScenario_DDF" time="63.085" errors="0" timestamp="2026-05-06T21:04:19 IST" skipped="0">
  <testcase classname="org.wipro.auto.ecommerce.testcases.LoginScenario_DDF" name="tc01_validate_login_crednetails_valid_data" time="34.842"/>
  <testcase classname="org.wipro.auto.ecommerce.testcases.LoginScenario_DDF" name="tc01_validate_login_crednetails_valid_data" time="18.650"/>
  <testcase classname="org.wipro.auto.ecommerce.testcases.LoginScenario_DDF" name="tc01_validate_login_crednetails_valid_data" time="9.593"/>
</testsuite> <!-- org.wipro.auto.ecommerce.testcases.LoginScenario_DDF -->
