<?xml version="1.0" encoding="UTF-8"?>
<!-- Generated by org.testng.reporters.JUnitReportReporter -->
<testsuite hostname="Santosh" failures="0" tests="4" name="org.xyz.automation.HandleKeyboardMouseWindowsFramesAlerts" time="10.988" errors="0" timestamp="2026-05-04T20:58:08 IST" skipped="2">
  <testcase classname="org.xyz.automation.HandleKeyboardMouseWindowsFramesAlerts" name="handle_alerts" time="5.009"/>
  <testcase classname="org.xyz.automation.HandleKeyboardMouseWindowsFramesAlerts" name="handle_frames" time="5.979"/>
  <testcase classname="org.xyz.automation.HandleKeyboardMouseWindowsFramesAlerts" name="handleKeyboard">
    <skipped/>
  </testcase> <!-- handleKeyboard -->
  <testcase classname="org.xyz.automation.HandleKeyboardMouseWindowsFramesAlerts" name="handleMouse_MultipleWindows">
    <skipped/>
  </testcase> <!-- handleMouse_MultipleWindows -->
</testsuite> <!-- org.xyz.automation.HandleKeyboardMouseWindowsFramesAlerts -->
