<?xml version="1.0" encoding="UTF-8"?>
<!-- Generated by org.testng.reporters.JUnitReportReporter -->
<testsuite hostname="Santosh" failures="0" tests="3" name="org.xyz.automation.FetchData_Runtime" time="12.843" errors="0" timestamp="2026-04-27T21:28:38 IST" skipped="2">
  <testcase classname="org.xyz.automation.FetchData_Runtime" name="fetch_element_state" time="12.843"/>
  <testcase classname="org.xyz.automation.FetchData_Runtime" name="fetch_browser_information">
    <skipped/>
  </testcase> <!-- fetch_browser_information -->
  <testcase classname="org.xyz.automation.FetchData_Runtime" name="fetch_element_browser_information">
    <skipped/>
  </testcase> <!-- fetch_element_browser_information -->
</testsuite> <!-- org.xyz.automation.FetchData_Runtime -->
