<?xml version="1.0" encoding="UTF-8"?>
<!-- Generated by org.testng.reporters.JUnitReportReporter -->
<testsuite hostname="Santosh" failures="0" tests="2" name="org.xyz.automation.Rediffmail_login_registration" time="5.829" errors="0" timestamp="2026-05-04T20:58:08 IST" skipped="1">
  <testcase classname="org.xyz.automation.Rediffmail_login_registration" name="validat_registration_functionality" time="5.829"/>
  <testcase classname="org.xyz.automation.Rediffmail_login_registration" name="validat_login_functionality">
    <skipped/>
  </testcase> <!-- validat_login_functionality -->
</testsuite> <!-- org.xyz.automation.Rediffmail_login_registration -->
