<?xml version="1.0" encoding="UTF-8"?>
<!-- Generated by org.testng.reporters.JUnitReportReporter -->
<testsuite hostname="Santosh" failures="0" tests="6" name="testNGdemo.TestScenario" time="0.005" errors="0" timestamp="2026-05-04T20:58:08 IST" skipped="0">
  <testcase classname="testNGdemo.TestScenario" name="sixth_testcase" time="0.001"/>
  <testcase classname="testNGdemo.TestScenario" name="fifth_testcase" time="0.000"/>
  <testcase classname="testNGdemo.TestScenario" name="forth_testcase" time="0.000"/>
  <testcase classname="testNGdemo.TestScenario" name="third_testcase" time="0.001"/>
  <testcase classname="testNGdemo.TestScenario" name="first_testcase" time="0.001"/>
  <testcase classname="testNGdemo.TestScenario" name="second_testcase" time="0.002"/>
</testsuite> <!-- testNGdemo.TestScenario -->
