<?xml version="1.0" encoding="UTF-8"?>
<!-- Generated by org.testng.reporters.JUnitReportReporter -->
<testsuite hostname="Santosh" failures="0" tests="6" name="testNGdemo.TestScenario4" time="0.004" errors="0" timestamp="2026-05-04T20:58:08 IST" skipped="0">
  <testcase classname="testNGdemo.TestScenario4" name="third_testcase" time="0.001"/>
  <testcase classname="testNGdemo.TestScenario4" name="sixth_testcase" time="0.001"/>
  <testcase classname="testNGdemo.TestScenario4" name="forth_testcase" time="0.000"/>
  <testcase classname="testNGdemo.TestScenario4" name="fifth_testcase" time="0.001"/>
  <testcase classname="testNGdemo.TestScenario4" name="first_testcase" time="0.000"/>
  <testcase classname="testNGdemo.TestScenario4" name="second_testcase" time="0.001"/>
</testsuite> <!-- testNGdemo.TestScenario4 -->
