<?xml version="1.0" encoding="UTF-8"?>
<!-- Generated by org.testng.reporters.JUnitReportReporter -->
<testsuite hostname="Santosh" failures="0" tests="2" name="org.xyz.automation.Caldenar_Demo" time="9.605" errors="0" timestamp="2026-04-24T20:54:59 IST" skipped="1">
  <testcase classname="org.xyz.automation.Caldenar_Demo" name="calendar_text" time="9.605"/>
  <testcase classname="org.xyz.automation.Caldenar_Demo" name="calendar_icon">
    <skipped/>
  </testcase> <!-- calendar_icon -->
</testsuite> <!-- org.xyz.automation.Caldenar_Demo -->
