<?xml version="1.0" encoding="UTF-8"?>
<!-- Generated by org.testng.reporters.JUnitReportReporter -->
<testsuite hostname="Santosh" failures="0" tests="6" name="testNGdemo.TestScenario7" time="0.007" errors="0" timestamp="2026-05-04T20:58:08 IST" skipped="0">
  <testcase classname="testNGdemo.TestScenario7" name="third_testcase" time="0.001"/>
  <testcase classname="testNGdemo.TestScenario7" name="fifth_testcase" time="0.002"/>
  <testcase classname="testNGdemo.TestScenario7" name="forth_testcase" time="0.001"/>
  <testcase classname="testNGdemo.TestScenario7" name="first_testcase" time="0.001"/>
  <testcase classname="testNGdemo.TestScenario7" name="second_testcase" time="0.001"/>
  <testcase classname="testNGdemo.TestScenario7" name="sixth_testcase" time="0.001"/>
</testsuite> <!-- testNGdemo.TestScenario7 -->
