<?xml version="1.0" encoding="UTF-8"?>
<!-- Generated by org.testng.reporters.JUnitReportReporter -->
<testsuite hostname="Santosh" failures="0" tests="3" name="org.wipro.auto.ecommerce.testcases.RegsitrationScenario_DDF" time="44.560" errors="0" timestamp="2026-05-06T21:29:39 IST" skipped="0">
  <testcase classname="org.wipro.auto.ecommerce.testcases.RegsitrationScenario_DDF" name="tc02_validate_regsitartion_validdata" time="28.168"/>
  <testcase classname="org.wipro.auto.ecommerce.testcases.RegsitrationScenario_DDF" name="tc02_validate_regsitartion_validdata" time="9.719"/>
  <testcase classname="org.wipro.auto.ecommerce.testcases.RegsitrationScenario_DDF" name="tc02_validate_regsitartion_validdata" time="6.673"/>
</testsuite> <!-- org.wipro.auto.ecommerce.testcases.RegsitrationScenario_DDF -->
